Arguments: 
  C:\Program Files\nodejs\node.exe C:\Users\Usuario\AppData\Roaming\npm\node_modules\yarn\bin\yarn.js add express-async-erros -D

PATH: 
  C:\Python27\;C:\Python27\Scripts;C:\Program Files (x86)\Common Files\Oracle\Java\javapath;C:\Windows\system32;C:\Windows;C:\Windows\System32\Wbem;C:\Windows\System32\WindowsPowerShell\v1.0\;C:\Windows\System32\OpenSSH\;C:\ProgramData\chocolatey\bin;%ANDROID_HOME%\platform-tools;%ANDROID_HOME%\tools;C:\Program Files\Java\jdk1.8.0_231\bin;C:\Users\Usuario\AppData\Local\Android\Sdk\platform-tools;C:\Program Files\Git\cmd;C:\Program Files\nodejs\;C:\Users\Usuario\AppData\Local\Microsoft\WindowsApps;C:\Users\Usuario\AppData\Local\Programs\Microsoft VS Code\bin;C:\Users\Usuario\AppData\Local\Android\Sdk\platform-tools;C:\Users\Usuario\AppData\Local\Android\Sdk\platform-tools;C:\Users\Usuario\AppData\Local\Android\Sdk\tools;C:\Program Files\MySQL\MySQL Server 8.0\bin;C:\Users\Usuario\AppData\Local\GitHubDesktop\bin;C:\Program Files\heroku\bin;C:\Users\Usuario\AppData\Roaming\npm

Yarn version: 
  1.22.0

Node version: 
  14.7.0

Platform: 
  win32 x64

Trace: 
  Error: https://registry.yarnpkg.com/express-async-erros: Not found
      at Request.params.callback [as _callback] (C:\Users\Usuario\AppData\Roaming\npm\node_modules\yarn\lib\cli.js:66975:18)
      at Request.self.callback (C:\Users\Usuario\AppData\Roaming\npm\node_modules\yarn\lib\cli.js:140727:22)
      at Request.emit (events.js:314:20)
      at Request.<anonymous> (C:\Users\Usuario\AppData\Roaming\npm\node_modules\yarn\lib\cli.js:141699:10)
      at Request.emit (events.js:314:20)
      at IncomingMessage.<anonymous> (C:\Users\Usuario\AppData\Roaming\npm\node_modules\yarn\lib\cli.js:141621:12)
      at Object.onceWrapper (events.js:420:28)
      at IncomingMessage.emit (events.js:326:22)
      at endReadableNT (_stream_readable.js:1244:12)
      at processTicksAndRejections (internal/process/task_queues.js:80:21)

npm manifest: 
  {
    "name": "server",
    "version": "1.0.0",
    "description": "",
    "main": "index.js",
    "scripts": {
      "test": "echo \"Error: no test specified\" && exit 1",
      "start": "ts-node-dev --transpile-only --ignore-watch node_modules  --unhandled-rejections=strict src/server.ts",
      "typeorm": "ts-node-dev ./node_modules/typeorm/cli.js"
    },
    "keywords": [],
    "author": "",
    "license": "ISC",
    "dependencies": {
      "@types/multer": "^1.4.4",
      "cors": "^2.8.5",
      "express": "^4.17.1",
      "multer": "^1.4.2",
      "sqlite3": "^5.0.0",
      "typeorm": "^0.2.28"
    },
    "devDependencies": {
      "@types/express": "^4.17.8",
      "ts-node-dev": "^1.0.0-pre.63",
      "typescript": "^4.0.3"
    }
  }

yarn manifest: 
  No manifest

Lockfile: 
  No lockfile
